['INFO ]2023-06-23 23:23:41,568(yyyy-MM-ddHH:mm:ss.SSS][main]utilities.LoggerLoad1)-Loading Config file
['INFO ]2023-06-23 23:23:43,716(yyyy-MM-ddHH:mm:ss.SSS][main]utilities.LoggerLoad1)-IntializingChromedriver
['INFO ]2023-06-23 23:23:44,916(yyyy-MM-ddHH:mm:ss.SSS][main]utilities.LoggerLoad1)-click on ds
['INFO ]2023-06-23 23:23:45,128(yyyy-MM-ddHH:mm:ss.SSS][main]utilities.LoggerLoad1)-checking alert message you are not logged in
['INFO ]2023-06-23 23:23:45,155(yyyy-MM-ddHH:mm:ss.SSS][main]utilities.LoggerLoad1)-alert you are not allow to login
['INFO ]2023-06-23 23:23:45,171(yyyy-MM-ddHH:mm:ss.SSS][main]utilities.LoggerLoad1)-click LinkedList 
['INFO ]2023-06-23 23:23:45,372(yyyy-MM-ddHH:mm:ss.SSS][main]utilities.LoggerLoad1)-checking alert message you are not logged in
['INFO ]2023-06-23 23:23:45,394(yyyy-MM-ddHH:mm:ss.SSS][main]utilities.LoggerLoad1)-alert you are not allow to login
['INFO ]2023-06-23 23:23:45,412(yyyy-MM-ddHH:mm:ss.SSS][main]utilities.LoggerLoad1)-click stack
['INFO ]2023-06-23 23:23:45,611(yyyy-MM-ddHH:mm:ss.SSS][main]utilities.LoggerLoad1)-checking alert message you are not logged in
['INFO ]2023-06-23 23:23:45,629(yyyy-MM-ddHH:mm:ss.SSS][main]utilities.LoggerLoad1)-alert you are not allow to login
['INFO ]2023-06-23 23:23:45,643(yyyy-MM-ddHH:mm:ss.SSS][main]utilities.LoggerLoad1)-click  queue 
['INFO ]2023-06-23 23:23:45,830(yyyy-MM-ddHH:mm:ss.SSS][main]utilities.LoggerLoad1)-checking alert message you are not logged in
['INFO ]2023-06-23 23:23:45,848(yyyy-MM-ddHH:mm:ss.SSS][main]utilities.LoggerLoad1)-alert you are not allow to login
['INFO ]2023-06-23 23:23:45,863(yyyy-MM-ddHH:mm:ss.SSS][main]utilities.LoggerLoad1)-click  Tree 
['INFO ]2023-06-23 23:23:46,053(yyyy-MM-ddHH:mm:ss.SSS][main]utilities.LoggerLoad1)-checking alert message you are not logged in
['INFO ]2023-06-23 23:23:46,076(yyyy-MM-ddHH:mm:ss.SSS][main]utilities.LoggerLoad1)-alert you are not allow to login
['INFO ]2023-06-23 23:23:46,224(yyyy-MM-ddHH:mm:ss.SSS][main]utilities.LoggerLoad1)-click on data structure dropdown sd
['INFO ]2023-06-23 23:23:46,422(yyyy-MM-ddHH:mm:ss.SSS][main]utilities.LoggerLoad1)-Checking array logger in pom Arrays
['INFO ]2023-06-23 23:23:46,423(yyyy-MM-ddHH:mm:ss.SSS][main]utilities.LoggerLoad1)-click on each dropdown sd
['INFO ]2023-06-23 23:23:46,426(yyyy-MM-ddHH:mm:ss.SSS][main]utilities.LoggerLoad1)-you are not logged in sd
['INFO ]2023-06-23 23:23:46,567(yyyy-MM-ddHH:mm:ss.SSS][main]utilities.LoggerLoad1)-click on data structure dropdown sd
['INFO ]2023-06-23 23:23:46,718(yyyy-MM-ddHH:mm:ss.SSS][main]utilities.LoggerLoad1)-Checking linkedlist logger in pom Linked list
['INFO ]2023-06-23 23:23:46,718(yyyy-MM-ddHH:mm:ss.SSS][main]utilities.LoggerLoad1)-click on each dropdown sd
['INFO ]2023-06-23 23:23:46,719(yyyy-MM-ddHH:mm:ss.SSS][main]utilities.LoggerLoad1)-you are not logged in sd
['INFO ]2023-06-23 23:23:46,853(yyyy-MM-ddHH:mm:ss.SSS][main]utilities.LoggerLoad1)-click on data structure dropdown sd
['INFO ]2023-06-23 23:23:46,855(yyyy-MM-ddHH:mm:ss.SSS][main]utilities.LoggerLoad1)-Checking stack logger in pom Stack
['INFO ]2023-06-23 23:23:47,028(yyyy-MM-ddHH:mm:ss.SSS][main]utilities.LoggerLoad1)-click on each dropdown sd
['INFO ]2023-06-23 23:23:47,031(yyyy-MM-ddHH:mm:ss.SSS][main]utilities.LoggerLoad1)-you are not logged in sd
['INFO ]2023-06-23 23:23:47,164(yyyy-MM-ddHH:mm:ss.SSS][main]utilities.LoggerLoad1)-click on data structure dropdown sd
['INFO ]2023-06-23 23:23:47,336(yyyy-MM-ddHH:mm:ss.SSS][main]utilities.LoggerLoad1)-Checking queuelogger in pom Queue
['INFO ]2023-06-23 23:23:47,336(yyyy-MM-ddHH:mm:ss.SSS][main]utilities.LoggerLoad1)-click on each dropdown sd
['INFO ]2023-06-23 23:23:47,338(yyyy-MM-ddHH:mm:ss.SSS][main]utilities.LoggerLoad1)-you are not logged in sd
['INFO ]2023-06-23 23:23:47,469(yyyy-MM-ddHH:mm:ss.SSS][main]utilities.LoggerLoad1)-click on data structure dropdown sd
['INFO ]2023-06-23 23:23:47,708(yyyy-MM-ddHH:mm:ss.SSS][main]utilities.LoggerLoad1)-Checking tree logger in pom Tree
['INFO ]2023-06-23 23:23:47,709(yyyy-MM-ddHH:mm:ss.SSS][main]utilities.LoggerLoad1)-click on each dropdown sd
['INFO ]2023-06-23 23:23:47,712(yyyy-MM-ddHH:mm:ss.SSS][main]utilities.LoggerLoad1)-you are not logged in sd
['INFO ]2023-06-23 23:23:47,846(yyyy-MM-ddHH:mm:ss.SSS][main]utilities.LoggerLoad1)-click on data structure dropdown sd
['INFO ]2023-06-23 23:23:48,010(yyyy-MM-ddHH:mm:ss.SSS][main]utilities.LoggerLoad1)-Checking graph logger in pom Graph
['INFO ]2023-06-23 23:23:48,010(yyyy-MM-ddHH:mm:ss.SSS][main]utilities.LoggerLoad1)-click on each dropdown sd
['INFO ]2023-06-23 23:23:48,011(yyyy-MM-ddHH:mm:ss.SSS][main]utilities.LoggerLoad1)-you are not logged in sd
['INFO ]2023-06-23 23:23:48,024(yyyy-MM-ddHH:mm:ss.SSS][main]utilities.LoggerLoad1)-user is on homepage sd
['INFO ]2023-06-23 23:23:48,157(yyyy-MM-ddHH:mm:ss.SSS][main]utilities.LoggerLoad1)-user is on signinpage sd
['INFO ]2023-06-23 23:23:48,168(yyyy-MM-ddHH:mm:ss.SSS][main]utilities.LoggerLoad1)-user is on homepage sd
['INFO ]2023-06-23 23:23:48,470(yyyy-MM-ddHH:mm:ss.SSS][main]utilities.LoggerLoad1)-Please fill out username field
['INFO ]2023-06-23 23:23:48,716(yyyy-MM-ddHH:mm:ss.SSS][main]utilities.LoggerLoad1)-Please fill out password  field
['INFO ]2023-06-23 23:23:48,885(yyyy-MM-ddHH:mm:ss.SSS][main]utilities.LoggerLoad1)-Please fill out password confirmation field
['INFO ]2023-06-23 23:23:49,425(yyyy-MM-ddHH:mm:ss.SSS][main]utilities.LoggerLoad1)-User Enter username as " $%#* "and Password as " Numy321" Confirm password as" Numy321
['INFO ]2023-06-23 23:23:49,794(yyyy-MM-ddHH:mm:ss.SSS][main]utilities.LoggerLoad1)-password_mismatch:The two password fields didn’t match. --- password_mismatch:The two password fields didn’t match.
['INFO ]2023-06-23 23:23:49,794(yyyy-MM-ddHH:mm:ss.SSS][main]utilities.LoggerLoad1)-Message from Register click SD: password_mismatch:The two password fields didn’t match. -- password_mismatch:The two password fields didn’t match.
['INFO ]2023-06-23 23:23:49,936(yyyy-MM-ddHH:mm:ss.SSS][main]utilities.LoggerLoad1)-User Enter username as " NumpySDET108Ninja "and Password as " Numy124" Confirm password as" Numpysdet108
['INFO ]2023-06-23 23:23:50,343(yyyy-MM-ddHH:mm:ss.SSS][main]utilities.LoggerLoad1)-password_mismatch:The two password fields didn’t match. --- password_mismatch:The two password fields didn’t match.
['INFO ]2023-06-23 23:23:50,345(yyyy-MM-ddHH:mm:ss.SSS][main]utilities.LoggerLoad1)-Message from Register click SD: password_mismatch:The two password fields didn’t match. -- password_mismatch:The two password fields didn’t match.
['INFO ]2023-06-23 23:23:50,475(yyyy-MM-ddHH:mm:ss.SSS][main]utilities.LoggerLoad1)-User Enter username as " NumpySDET108Ninja "and Password as " sdet108batch" Confirm password as" 12345abc
['INFO ]2023-06-23 23:23:50,906(yyyy-MM-ddHH:mm:ss.SSS][main]utilities.LoggerLoad1)-password_mismatch:The two password fields didn’t match. --- password_mismatch:The two password fields didn’t match.
['INFO ]2023-06-23 23:23:50,907(yyyy-MM-ddHH:mm:ss.SSS][main]utilities.LoggerLoad1)-Message from Register click SD: password_mismatch:The two password fields didn’t match. -- password_mismatch:The two password fields didn’t match.
['INFO ]2023-06-23 23:23:51,038(yyyy-MM-ddHH:mm:ss.SSS][main]utilities.LoggerLoad1)-User Enter username as " NumpySDET108Ninja "and Password as " Numy126" Confirm password as" adgn321
['INFO ]2023-06-23 23:23:51,457(yyyy-MM-ddHH:mm:ss.SSS][main]utilities.LoggerLoad1)-password_mismatch:The two password fields didn’t match. --- password_mismatch:The two password fields didn’t match.
['INFO ]2023-06-23 23:23:51,457(yyyy-MM-ddHH:mm:ss.SSS][main]utilities.LoggerLoad1)-Message from Register click SD: password_mismatch:The two password fields didn’t match. -- password_mismatch:The two password fields didn’t match.
['INFO ]2023-06-23 23:23:51,584(yyyy-MM-ddHH:mm:ss.SSS][main]utilities.LoggerLoad1)-user is on login page
['INFO ]2023-06-23 23:23:51,601(yyyy-MM-ddHH:mm:ss.SSS][main]utilities.LoggerLoad1)-------User is On Sign in page------
['INFO ]2023-06-23 23:23:51,698(yyyy-MM-ddHH:mm:ss.SSS][main]utilities.LoggerLoad1)-----User Clicks on Register Link-----
['INFO ]2023-06-23 23:23:51,828(yyyy-MM-ddHH:mm:ss.SSS][main]utilities.LoggerLoad1)-----User redirected to Page----Registration
['INFO ]2023-06-23 23:23:51,853(yyyy-MM-ddHH:mm:ss.SSS][main]utilities.LoggerLoad1)-------User is On Sign in page------
['INFO ]2023-06-23 23:23:51,947(yyyy-MM-ddHH:mm:ss.SSS][main]utilities.LoggerLoad1)-User is Clicking login button with empty fields
['INFO ]2023-06-23 23:23:52,032(yyyy-MM-ddHH:mm:ss.SSS][main]utilities.LoggerLoad1)-------User is On Sign in page------
['INFO ]2023-06-23 23:23:52,118(yyyy-MM-ddHH:mm:ss.SSS][main]utilities.LoggerLoad1)---User Enters Only the User name--
['INFO ]2023-06-23 23:23:52,193(yyyy-MM-ddHH:mm:ss.SSS][main]utilities.LoggerLoad1)-----User can seePlease fill out this field.-----
['INFO ]2023-06-23 23:23:52,203(yyyy-MM-ddHH:mm:ss.SSS][main]utilities.LoggerLoad1)-------User is On Sign in page------
['INFO ]2023-06-23 23:23:52,292(yyyy-MM-ddHH:mm:ss.SSS][main]utilities.LoggerLoad1)-User Enters Only Password
['INFO ]2023-06-23 23:23:52,356(yyyy-MM-ddHH:mm:ss.SSS][main]utilities.LoggerLoad1)-User can see the popupPlease fill out this field.
['INFO ]2023-06-23 23:23:52,363(yyyy-MM-ddHH:mm:ss.SSS][main]utilities.LoggerLoad1)-------User is On Sign in page------
['INFO ]2023-06-23 23:23:52,545(yyyy-MM-ddHH:mm:ss.SSS][main]utilities.LoggerLoad1)------User Clicks on Login button-----
['INFO ]2023-06-23 23:23:52,743(yyyy-MM-ddHH:mm:ss.SSS][main]utilities.LoggerLoad1)-The actual Alert is:Invalid Username and Password
['INFO ]2023-06-23 23:23:52,753(yyyy-MM-ddHH:mm:ss.SSS][main]utilities.LoggerLoad1)-------User is On Sign in page------
['INFO ]2023-06-23 23:23:52,921(yyyy-MM-ddHH:mm:ss.SSS][main]utilities.LoggerLoad1)------User Clicks on Login button-----
['INFO ]2023-06-23 23:23:53,127(yyyy-MM-ddHH:mm:ss.SSS][main]utilities.LoggerLoad1)-The actual Alert is:Invalid Username and Password
['INFO ]2023-06-23 23:23:53,138(yyyy-MM-ddHH:mm:ss.SSS][main]utilities.LoggerLoad1)-------User is On Sign in page------
['INFO ]2023-06-23 23:23:53,320(yyyy-MM-ddHH:mm:ss.SSS][main]utilities.LoggerLoad1)------User Clicks on Login button-----
['INFO ]2023-06-23 23:23:53,530(yyyy-MM-ddHH:mm:ss.SSS][main]utilities.LoggerLoad1)-The actual Alert is:Invalid Username and Password
['INFO ]2023-06-23 23:23:53,539(yyyy-MM-ddHH:mm:ss.SSS][main]utilities.LoggerLoad1)-user is on loginpage SD
['INFO ]2023-06-23 23:23:53,647(yyyy-MM-ddHH:mm:ss.SSS][main]utilities.LoggerLoad1)-user enter username and password
['INFO ]2023-06-23 23:23:53,749(yyyy-MM-ddHH:mm:ss.SSS][main]utilities.LoggerLoad1)-Invalid username and password
['INFO ]2023-06-23 23:23:53,915(yyyy-MM-ddHH:mm:ss.SSS][main]utilities.LoggerLoad1)-message from signin title page Login
['INFO ]2023-06-23 23:23:53,938(yyyy-MM-ddHH:mm:ss.SSS][main]utilities.LoggerLoad1)-user is on loginpage SD
['INFO ]2023-06-23 23:23:54,048(yyyy-MM-ddHH:mm:ss.SSS][main]utilities.LoggerLoad1)-user enter username and password
['INFO ]2023-06-23 23:23:54,163(yyyy-MM-ddHH:mm:ss.SSS][main]utilities.LoggerLoad1)-Invalid username and password
['INFO ]2023-06-23 23:23:54,351(yyyy-MM-ddHH:mm:ss.SSS][main]utilities.LoggerLoad1)-message from signin title page Login
['INFO ]2023-06-23 23:23:54,378(yyyy-MM-ddHH:mm:ss.SSS][main]utilities.LoggerLoad1)-user is on loginpage SD
['INFO ]2023-06-23 23:23:54,486(yyyy-MM-ddHH:mm:ss.SSS][main]utilities.LoggerLoad1)-user enter username and password
['INFO ]2023-06-23 23:23:54,594(yyyy-MM-ddHH:mm:ss.SSS][main]utilities.LoggerLoad1)-Invalid username and password
['INFO ]2023-06-23 23:23:54,769(yyyy-MM-ddHH:mm:ss.SSS][main]utilities.LoggerLoad1)-message from signin title page Login
['INFO ]2023-06-23 23:23:54,800(yyyy-MM-ddHH:mm:ss.SSS][main]utilities.LoggerLoad1)-user is on loginpage SD
['INFO ]2023-06-23 23:23:54,927(yyyy-MM-ddHH:mm:ss.SSS][main]utilities.LoggerLoad1)-user enter username and password
['INFO ]2023-06-23 23:23:55,032(yyyy-MM-ddHH:mm:ss.SSS][main]utilities.LoggerLoad1)-Invalid username and password
['INFO ]2023-06-23 23:23:55,341(yyyy-MM-ddHH:mm:ss.SSS][main]utilities.LoggerLoad1)-message from signin title page NumpyNinja
['INFO ]2023-06-23 23:23:55,379(yyyy-MM-ddHH:mm:ss.SSS][main]utilities.LoggerLoad1)-user is on home page 
['INFO ]2023-06-23 23:23:55,574(yyyy-MM-ddHH:mm:ss.SSS][main]utilities.LoggerLoad1)-user successfully logout SD
['INFO ]2023-06-23 23:23:56,214(yyyy-MM-ddHH:mm:ss.SSS][main]utilities.LoggerLoad1)-user enter valid username and password 
['INFO ]2023-06-23 23:23:56,215(yyyy-MM-ddHH:mm:ss.SSS][main]utilities.LoggerLoad1)-user successfully logout SD
['INFO ]2023-06-23 23:23:56,395(yyyy-MM-ddHH:mm:ss.SSS][main]utilities.LoggerLoad1)-User is on data structure page SDDS
['INFO ]2023-06-23 23:23:56,570(yyyy-MM-ddHH:mm:ss.SSS][main]utilities.LoggerLoad1)-The user should be redirected to Time Complexity page SDDS
['INFO ]2023-06-23 23:23:56,582(yyyy-MM-ddHH:mm:ss.SSS][main]utilities.LoggerLoad1)-User is on data structure page SDDS
['INFO ]2023-06-23 23:23:58,077(yyyy-MM-ddHH:mm:ss.SSS][main]utilities.LoggerLoad1)-user try to do negative test
['WARN ]2023-06-23 23:23:58,230(yyyy-MM-ddHH:mm:ss.SSS][main]utilities.LoggerLoad1)-checking alert message from tryeditor SyntaxError: bad input on line 1
['INFO ]2023-06-23 23:23:58,231(yyyy-MM-ddHH:mm:ss.SSS][main]utilities.LoggerLoad1)-Error Message is:SyntaxError: bad input on line 1
['INFO ]2023-06-23 23:23:58,451(yyyy-MM-ddHH:mm:ss.SSS][main]utilities.LoggerLoad1)-user in Array page
['INFO ]2023-06-23 23:23:58,573(yyyy-MM-ddHH:mm:ss.SSS][main]utilities.LoggerLoad1)-User clicks on Arrays in Python in Array Page
['INFO ]2023-06-23 23:23:58,863(yyyy-MM-ddHH:mm:ss.SSS][main]utilities.LoggerLoad1)-user in Arrays in Python page
['INFO ]2023-06-23 23:23:59,156(yyyy-MM-ddHH:mm:ss.SSS][main]utilities.LoggerLoad1)-user in on Assessment page
['WARN ]2023-06-23 23:23:59,769(yyyy-MM-ddHH:mm:ss.SSS][main]utilities.LoggerLoad1)-checking alert message from tryeditor array SyntaxError: bad input on line 1
['INFO ]2023-06-23 23:23:59,769(yyyy-MM-ddHH:mm:ss.SSS][main]utilities.LoggerLoad1)-Error message is: SyntaxError: bad input on line 1
['INFO ]2023-06-23 23:24:00,034(yyyy-MM-ddHH:mm:ss.SSS][main]utilities.LoggerLoad1)-User should be redirected to Arrays Using List page
['WARN ]2023-06-23 23:24:00,963(yyyy-MM-ddHH:mm:ss.SSS][main]utilities.LoggerLoad1)-checking alert message from tryeditor array SyntaxError: bad input on line 1
['INFO ]2023-06-23 23:24:00,964(yyyy-MM-ddHH:mm:ss.SSS][main]utilities.LoggerLoad1)-Error message is: SyntaxError: bad input on line 1
['INFO ]2023-06-23 23:24:01,312(yyyy-MM-ddHH:mm:ss.SSS][main]utilities.LoggerLoad1)-user is on basic operation page
['INFO ]2023-06-23 23:24:01,318(yyyy-MM-ddHH:mm:ss.SSS][main]utilities.LoggerLoad1)-Title of current page is:Basic Operations in Lists
['WARN ]2023-06-23 23:24:02,333(yyyy-MM-ddHH:mm:ss.SSS][main]utilities.LoggerLoad1)-checking alert message from tryeditor array SyntaxError: bad input on line 1
['INFO ]2023-06-23 23:24:02,663(yyyy-MM-ddHH:mm:ss.SSS][main]utilities.LoggerLoad1)-Title of current page is:Applications of Array
['INFO ]2023-06-23 23:24:02,900(yyyy-MM-ddHH:mm:ss.SSS][main]utilities.LoggerLoad1)-Title of current page is:Practice Questions
['INFO ]2023-06-23 23:24:03,224(yyyy-MM-ddHH:mm:ss.SSS][main]utilities.LoggerLoad1)-Title of current page is:Assessment
['INFO ]2023-06-23 23:24:03,524(yyyy-MM-ddHH:mm:ss.SSS][main]utilities.LoggerLoad1)- checking clickevent in array sd page
['WARN ]2023-06-23 23:24:03,532(yyyy-MM-ddHH:mm:ss.SSS][main]utilities.LoggerLoad1)-checking alert message from tryeditor array SyntaxError: bad token T_OP on line 1
['INFO ]2023-06-23 23:24:03,532(yyyy-MM-ddHH:mm:ss.SSS][main]utilities.LoggerLoad1)- checking output in array sd pageSyntaxError: bad token T_OP on line 1
['INFO ]2023-06-23 23:24:03,798(yyyy-MM-ddHH:mm:ss.SSS][main]utilities.LoggerLoad1)-Title of current page is:Assessment
['INFO ]2023-06-23 23:24:04,654(yyyy-MM-ddHH:mm:ss.SSS][main]utilities.LoggerLoad1)-user_should_get_success_submission_message_find_numberswith_even_numberof_digits Error occurred during submission
['INFO ]2023-06-23 23:24:04,935(yyyy-MM-ddHH:mm:ss.SSS][main]utilities.LoggerLoad1)-Title of current page is:Assessment
['INFO ]2023-06-23 23:24:05,775(yyyy-MM-ddHH:mm:ss.SSS][main]utilities.LoggerLoad1)-user_should_get_success_submission_message_find_numberswith_even_numberof_digits Error occurred during submission
['INFO ]2023-06-23 23:24:05,882(yyyy-MM-ddHH:mm:ss.SSS][main]utilities.LoggerLoad1)------------------------------------User clicks on LinkedList Getstarted button-------------------------------------
['INFO ]2023-06-23 23:24:06,219(yyyy-MM-ddHH:mm:ss.SSS][main]utilities.LoggerLoad1)-----------------------------------The User redirected to LinkedList Page-------------------------------------
['INFO ]2023-06-23 23:24:06,231(yyyy-MM-ddHH:mm:ss.SSS][main]utilities.LoggerLoad1)------------------------------------The user is on the Linked List page---------------------------------------------
['INFO ]2023-06-23 23:24:06,474(yyyy-MM-ddHH:mm:ss.SSS][main]utilities.LoggerLoad1)-------------------------------------User Clicks on Introduction link---------------------------------------------
['WARN ]2023-06-23 23:24:06,474(yyyy-MM-ddHH:mm:ss.SSS][main]utilities.LoggerLoad1)-*******LinkedList Introduction Page****************
['INFO ]2023-06-23 23:24:06,724(yyyy-MM-ddHH:mm:ss.SSS][main]utilities.LoggerLoad1)-----------------------------------The user move to Introduction of Linked List Page---------------------------------------------
['WARN ]2023-06-23 23:24:06,732(yyyy-MM-ddHH:mm:ss.SSS][main]utilities.LoggerLoad1)-*******LinkedList Introduction Page****************
['INFO ]2023-06-23 23:24:06,938(yyyy-MM-ddHH:mm:ss.SSS][main]utilities.LoggerLoad1)--------------------------The user clicks Try Here button in the introduction page---------------------------------------
['INFO ]2023-06-23 23:24:07,116(yyyy-MM-ddHH:mm:ss.SSS][main]utilities.LoggerLoad1)---------User is in editor page-----
['INFO ]2023-06-23 23:24:07,117(yyyy-MM-ddHH:mm:ss.SSS][main]utilities.LoggerLoad1)--------------------------The user redirected to the tryEditor page of introduction page--------------------------------------
['INFO ]2023-06-23 23:24:07,129(yyyy-MM-ddHH:mm:ss.SSS][main]utilities.LoggerLoad1)--------------------------"User is on Try Editor Page of introduction page--------------------------------------
['INFO ]2023-06-23 23:24:07,235(yyyy-MM-ddHH:mm:ss.SSS][main]utilities.LoggerLoad1)--------------------------clicks on Run Button of introduction pag--------------------------------------
['INFO ]2023-06-23 23:24:07,278(yyyy-MM-ddHH:mm:ss.SSS][main]utilities.LoggerLoad1)-User Clicked on Run button
['INFO ]2023-06-23 23:24:07,280(yyyy-MM-ddHH:mm:ss.SSS][main]utilities.LoggerLoad1)-----------The User is Presented with error message of introduction page------------------------
['INFO ]2023-06-23 23:24:07,309(yyyy-MM-ddHH:mm:ss.SSS][main]utilities.LoggerLoad1)------------------------------------The user is on the Linked List page---------------------------------------------
['INFO ]2023-06-23 23:24:07,487(yyyy-MM-ddHH:mm:ss.SSS][main]utilities.LoggerLoad1)---------------------------------------------------------The user clicks creating linked list link---------------------------------------
['INFO ]2023-06-23 23:24:07,508(yyyy-MM-ddHH:mm:ss.SSS][main]utilities.LoggerLoad1)-ClickCreating Linked LIstOn Linked List Page
['INFO ]2023-06-23 23:24:07,685(yyyy-MM-ddHH:mm:ss.SSS][main]utilities.LoggerLoad1)-Title of the PageCreating Linked LIst
['INFO ]2023-06-23 23:24:07,686(yyyy-MM-ddHH:mm:ss.SSS][main]utilities.LoggerLoad1)--------------------------------------------------------The user move to Creating Linked LIst of Linked List Page---------------------------------------
['INFO ]2023-06-23 23:24:07,699(yyyy-MM-ddHH:mm:ss.SSS][main]utilities.LoggerLoad1)--------------------------------------------------------The user is on the Creating a Linked List of Linked List Page"--------------------------------------
['INFO ]2023-06-23 23:24:07,700(yyyy-MM-ddHH:mm:ss.SSS][main]utilities.LoggerLoad1)--------------------------------------------------------clicks Try Here button in the creation of linked listPage------------------------------------
['INFO ]2023-06-23 23:24:07,882(yyyy-MM-ddHH:mm:ss.SSS][main]utilities.LoggerLoad1)---------User is in editor page-----
['INFO ]2023-06-23 23:24:07,883(yyyy-MM-ddHH:mm:ss.SSS][main]utilities.LoggerLoad1)--------------------------------------------------------The user redirected to the tryEditor page of creating linked list Page-----------------------------------
['INFO ]2023-06-23 23:24:07,895(yyyy-MM-ddHH:mm:ss.SSS][main]utilities.LoggerLoad1)--------------------------------------------------------User is on Try Editor Page of creating linked list page-----------------------------------
['INFO ]2023-06-23 23:24:07,896(yyyy-MM-ddHH:mm:ss.SSS][main]utilities.LoggerLoad1)-------------------------------------------------------The user Enter invalid python code {string} in creating linked list page-----------------------------------
['INFO ]2023-06-23 23:24:07,991(yyyy-MM-ddHH:mm:ss.SSS][main]utilities.LoggerLoad1)-------------------------------------------------------click on run button of Creating a Linked List pagee-----------------------------------
['INFO ]2023-06-23 23:24:08,030(yyyy-MM-ddHH:mm:ss.SSS][main]utilities.LoggerLoad1)-User Clicked on Run button
['INFO ]2023-06-23 23:24:08,031(yyyy-MM-ddHH:mm:ss.SSS][main]utilities.LoggerLoad1)----------------------------------------------------The user get the error message of Creating a Linked List page----------------------------------
['WARN ]2023-06-23 23:24:09,059(yyyy-MM-ddHH:mm:ss.SSS][main]utilities.LoggerLoad1)---------------ERROR MESSAGE FROM ALERT-------------SyntaxError: bad input on line 1
['INFO ]2023-06-23 23:24:09,078(yyyy-MM-ddHH:mm:ss.SSS][main]utilities.LoggerLoad1)------------------------------------The user is on the Linked List page---------------------------------------------
['INFO ]2023-06-23 23:24:09,249(yyyy-MM-ddHH:mm:ss.SSS][main]utilities.LoggerLoad1)----------------------------------------------------The user clicks Types of Linked List link----------------------------------
['INFO ]2023-06-23 23:24:09,266(yyyy-MM-ddHH:mm:ss.SSS][main]utilities.LoggerLoad1)-ClickTypes of Linked ListOn Linked List Page
['INFO ]2023-06-23 23:24:09,512(yyyy-MM-ddHH:mm:ss.SSS][main]utilities.LoggerLoad1)-Title of the PageTypes of Linked List
['INFO ]2023-06-23 23:24:09,513(yyyy-MM-ddHH:mm:ss.SSS][main]utilities.LoggerLoad1)----------------------------------------------------The user move to Types of Linked List of Linked List Page----------------------------------
['INFO ]2023-06-23 23:24:09,522(yyyy-MM-ddHH:mm:ss.SSS][main]utilities.LoggerLoad1)----------------------------------------------------The user is on the Types of Linked list Page----------------------------------
['INFO ]2023-06-23 23:24:09,522(yyyy-MM-ddHH:mm:ss.SSS][main]utilities.LoggerLoad1)----------------------------------------------------he user clicks TryHere button in the types of linkedlist page----------------------------------
['INFO ]2023-06-23 23:24:09,705(yyyy-MM-ddHH:mm:ss.SSS][main]utilities.LoggerLoad1)---------User is in editor page-----
['INFO ]2023-06-23 23:24:09,716(yyyy-MM-ddHH:mm:ss.SSS][main]utilities.LoggerLoad1)----------------------------------------------------User is on TryEditor Page of Types of Linked List---------------------------------
['INFO ]2023-06-23 23:24:09,716(yyyy-MM-ddHH:mm:ss.SSS][main]utilities.LoggerLoad1)---------------------------------------------------The user Enter valid python code in types of linked list page--------------------------------
['INFO ]2023-06-23 23:24:09,915(yyyy-MM-ddHH:mm:ss.SSS][main]utilities.LoggerLoad1)--------------------------------------------------click on run button of Types of Linked List page-------------------------------
['INFO ]2023-06-23 23:24:09,953(yyyy-MM-ddHH:mm:ss.SSS][main]utilities.LoggerLoad1)-User Clicked on Run button
['INFO ]2023-06-23 23:24:09,988(yyyy-MM-ddHH:mm:ss.SSS][main]utilities.LoggerLoad1)------------------------------------The user is on the Linked List page---------------------------------------------
['INFO ]2023-06-23 23:24:10,143(yyyy-MM-ddHH:mm:ss.SSS][main]utilities.LoggerLoad1)-------------------------------------------------The user clicks Implement Linked List in Python link-------------------------------
['INFO ]2023-06-23 23:24:10,162(yyyy-MM-ddHH:mm:ss.SSS][main]utilities.LoggerLoad1)-ClickImplement Linked List in PythonOn Linked List Page
['INFO ]2023-06-23 23:24:10,330(yyyy-MM-ddHH:mm:ss.SSS][main]utilities.LoggerLoad1)-Title of the PageImplement Linked List in Python
['INFO ]2023-06-23 23:24:10,332(yyyy-MM-ddHH:mm:ss.SSS][main]utilities.LoggerLoad1)-----------------------------------------------The user move to Implement Linked List in Python of Linked List Page----------------------------
['INFO ]2023-06-23 23:24:10,343(yyyy-MM-ddHH:mm:ss.SSS][main]utilities.LoggerLoad1)-----------------------------------------------The user is on the Implement Linked List in Python----------------------------
['INFO ]2023-06-23 23:24:10,345(yyyy-MM-ddHH:mm:ss.SSS][main]utilities.LoggerLoad1)-----------------------------------------------The user clicks Try Here button in the implemented linked list in python page---------------------------
['INFO ]2023-06-23 23:24:10,512(yyyy-MM-ddHH:mm:ss.SSS][main]utilities.LoggerLoad1)---------User is in editor page-----
['INFO ]2023-06-23 23:24:10,514(yyyy-MM-ddHH:mm:ss.SSS][main]utilities.LoggerLoad1)----------------------------------------------The user redirected to the tryEditor page of Implement Linked List in Python---------------------------
['INFO ]2023-06-23 23:24:10,528(yyyy-MM-ddHH:mm:ss.SSS][main]utilities.LoggerLoad1)----------------------------------------------User Enters  invalid python code {string} in implementation link list in python---------------------------
['INFO ]2023-06-23 23:24:10,649(yyyy-MM-ddHH:mm:ss.SSS][main]utilities.LoggerLoad1)-----------clicks on Run Button------------------------
['INFO ]2023-06-23 23:24:10,689(yyyy-MM-ddHH:mm:ss.SSS][main]utilities.LoggerLoad1)---------------------------------------------The user get the error message of implementation link list in python---------------------------
['INFO ]2023-06-23 23:24:10,699(yyyy-MM-ddHH:mm:ss.SSS][main]utilities.LoggerLoad1)------------------------------------The user is on the Linked List page---------------------------------------------
['INFO ]2023-06-23 23:24:10,857(yyyy-MM-ddHH:mm:ss.SSS][main]utilities.LoggerLoad1)--------------------------------------------The user clicks Traversal link---------------------------
['INFO ]2023-06-23 23:24:10,876(yyyy-MM-ddHH:mm:ss.SSS][main]utilities.LoggerLoad1)-ClickTraversalOn Linked List Page
['INFO ]2023-06-23 23:24:11,045(yyyy-MM-ddHH:mm:ss.SSS][main]utilities.LoggerLoad1)-Title of the PageTraversal
['INFO ]2023-06-23 23:24:11,046(yyyy-MM-ddHH:mm:ss.SSS][main]utilities.LoggerLoad1)-------------------------------------------The user move to Traversal of Linked List Page---------------------------
['INFO ]2023-06-23 23:24:11,058(yyyy-MM-ddHH:mm:ss.SSS][main]utilities.LoggerLoad1)-----------------------------------------The user is on the Traversal Page---------------------------
['INFO ]2023-06-23 23:24:11,060(yyyy-MM-ddHH:mm:ss.SSS][main]utilities.LoggerLoad1)----------------------------------------The user clicks Try Here button in the traversal page---------------------------
['INFO ]2023-06-23 23:24:11,219(yyyy-MM-ddHH:mm:ss.SSS][main]utilities.LoggerLoad1)---------User is in editor page-----
['INFO ]2023-06-23 23:24:11,229(yyyy-MM-ddHH:mm:ss.SSS][main]utilities.LoggerLoad1)----------------------------------------The user is on Tryeditor page of traversal--------------------------
['INFO ]2023-06-23 23:24:11,229(yyyy-MM-ddHH:mm:ss.SSS][main]utilities.LoggerLoad1)---------------------------------------The user Enter valid python code {string} in traversal page-------------------------
['INFO ]2023-06-23 23:24:11,433(yyyy-MM-ddHH:mm:ss.SSS][main]utilities.LoggerLoad1)---------------------------------------click on run button of traversal page-------------------------
['INFO ]2023-06-23 23:24:11,468(yyyy-MM-ddHH:mm:ss.SSS][main]utilities.LoggerLoad1)-User Clicked on Run button
['INFO ]2023-06-23 23:24:11,470(yyyy-MM-ddHH:mm:ss.SSS][main]utilities.LoggerLoad1)---------------------------------------The user should get the Run output of traversal page-------------------------
['INFO ]2023-06-23 23:24:11,512(yyyy-MM-ddHH:mm:ss.SSS][main]utilities.LoggerLoad1)------------------------------------The user is on the Linked List page---------------------------------------------
['INFO ]2023-06-23 23:24:11,614(yyyy-MM-ddHH:mm:ss.SSS][main]utilities.LoggerLoad1)--------------------------------------The user clicks Insertion link-------------------------
['INFO ]2023-06-23 23:24:11,631(yyyy-MM-ddHH:mm:ss.SSS][main]utilities.LoggerLoad1)-ClickInsertionOn Linked List Page
['INFO ]2023-06-23 23:24:11,832(yyyy-MM-ddHH:mm:ss.SSS][main]utilities.LoggerLoad1)-Title of the PageInsertion
['INFO ]2023-06-23 23:24:11,833(yyyy-MM-ddHH:mm:ss.SSS][main]utilities.LoggerLoad1)-------------------------------------The user move to Insertion of Linked List Page-------------------------
['INFO ]2023-06-23 23:24:11,843(yyyy-MM-ddHH:mm:ss.SSS][main]utilities.LoggerLoad1)-------------------------------------The user is on the Insertion Page------------------------
['INFO ]2023-06-23 23:24:11,844(yyyy-MM-ddHH:mm:ss.SSS][main]utilities.LoggerLoad1)------------------------------------- The user clicks Try Here button in the Insertion page------------------------
['INFO ]2023-06-23 23:24:12,007(yyyy-MM-ddHH:mm:ss.SSS][main]utilities.LoggerLoad1)---------User is in editor page-----
['INFO ]2023-06-23 23:24:12,009(yyyy-MM-ddHH:mm:ss.SSS][main]utilities.LoggerLoad1)------------------------------------- The user redirected to the tryEditor page of Insertion----------------------
['INFO ]2023-06-23 23:24:12,022(yyyy-MM-ddHH:mm:ss.SSS][main]utilities.LoggerLoad1)------------------------------------The user is on Tryeditor page of Insertion----------------------
['INFO ]2023-06-23 23:24:12,023(yyyy-MM-ddHH:mm:ss.SSS][main]utilities.LoggerLoad1)-----------------------------------The user Enter invalid python code {string} in insertion page----------------------
['INFO ]2023-06-23 23:24:12,094(yyyy-MM-ddHH:mm:ss.SSS][main]utilities.LoggerLoad1)-----------------------------------click on run button of insertion page----------------------
['INFO ]2023-06-23 23:24:12,133(yyyy-MM-ddHH:mm:ss.SSS][main]utilities.LoggerLoad1)-User Clicked on Run button
['INFO ]2023-06-23 23:24:12,137(yyyy-MM-ddHH:mm:ss.SSS][main]utilities.LoggerLoad1)----------------------------------The user get the error message of insertion page---------------------
['INFO ]2023-06-23 23:24:12,149(yyyy-MM-ddHH:mm:ss.SSS][main]utilities.LoggerLoad1)------------------------------------The user is on the Linked List page---------------------------------------------
['INFO ]2023-06-23 23:24:12,241(yyyy-MM-ddHH:mm:ss.SSS][main]utilities.LoggerLoad1)---------------------------------The user clicks Deletion link--------------------
['INFO ]2023-06-23 23:24:12,262(yyyy-MM-ddHH:mm:ss.SSS][main]utilities.LoggerLoad1)-ClickDeletionOn Linked List Page
['INFO ]2023-06-23 23:24:12,430(yyyy-MM-ddHH:mm:ss.SSS][main]utilities.LoggerLoad1)-Title of the PageDeletion
['INFO ]2023-06-23 23:24:12,431(yyyy-MM-ddHH:mm:ss.SSS][main]utilities.LoggerLoad1)--------------------------------The user move to Deletion of Linked List Page-------------------
['INFO ]2023-06-23 23:24:12,442(yyyy-MM-ddHH:mm:ss.SSS][main]utilities.LoggerLoad1)-------------------------------The user is on the Deletion page-------------------
['INFO ]2023-06-23 23:24:12,443(yyyy-MM-ddHH:mm:ss.SSS][main]utilities.LoggerLoad1)------------------------------The user clicks Try Here button in the Deletion page-------------------
['INFO ]2023-06-23 23:24:12,609(yyyy-MM-ddHH:mm:ss.SSS][main]utilities.LoggerLoad1)---------User is in editor page-----
['INFO ]2023-06-23 23:24:12,610(yyyy-MM-ddHH:mm:ss.SSS][main]utilities.LoggerLoad1)------------------------------The user redirected to the tryEditor page of Deletion-------------------
['INFO ]2023-06-23 23:24:12,619(yyyy-MM-ddHH:mm:ss.SSS][main]utilities.LoggerLoad1)-----------------------------The user is on Tryeditor page of deletion------------------
['INFO ]2023-06-23 23:24:12,620(yyyy-MM-ddHH:mm:ss.SSS][main]utilities.LoggerLoad1)-----------------------------The user Enter valid python code {string} in deletion page------------------
['INFO ]2023-06-23 23:24:12,688(yyyy-MM-ddHH:mm:ss.SSS][main]utilities.LoggerLoad1)----------------------------click on run button of deletion page------------------
['INFO ]2023-06-23 23:24:12,729(yyyy-MM-ddHH:mm:ss.SSS][main]utilities.LoggerLoad1)-User Clicked on Run button
['INFO ]2023-06-23 23:24:12,730(yyyy-MM-ddHH:mm:ss.SSS][main]utilities.LoggerLoad1)---------------------------The user should get the Run output deletion page------------------
['WARN ]2023-06-23 23:24:12,759(yyyy-MM-ddHH:mm:ss.SSS][main]utilities.LoggerLoad1)-*******LinkedList Introduction Page****************
['INFO ]2023-06-23 23:24:12,911(yyyy-MM-ddHH:mm:ss.SSS][main]utilities.LoggerLoad1)---------------------------User clicks on the Practice Questions------------------
['INFO ]2023-06-23 23:24:12,931(yyyy-MM-ddHH:mm:ss.SSS][main]utilities.LoggerLoad1)-ClickPractice Questions
['INFO ]2023-06-23 23:24:13,061(yyyy-MM-ddHH:mm:ss.SSS][main]utilities.LoggerLoad1)-Title of the PagePractice Questions
['INFO ]2023-06-23 23:24:13,063(yyyy-MM-ddHH:mm:ss.SSS][main]utilities.LoggerLoad1)-------------------------User redirected to Practice Questions of Linked List Page------------------
['INFO ]2023-06-23 23:24:13,310(yyyy-MM-ddHH:mm:ss.SSS][main]utilities.LoggerLoad1)-user is on stack page SDST
['INFO ]2023-06-23 23:24:13,570(yyyy-MM-ddHH:mm:ss.SSS][main]utilities.LoggerLoad1)-Title of current page is:Operations in Stack
['INFO ]2023-06-23 23:24:13,582(yyyy-MM-ddHH:mm:ss.SSS][main]utilities.LoggerLoad1)-User is on data structure page SDDS
['INFO ]2023-06-23 23:24:13,831(yyyy-MM-ddHH:mm:ss.SSS][main]utilities.LoggerLoad1)-Title of current page is:Assessment
['WARN ]2023-06-23 23:24:14,223(yyyy-MM-ddHH:mm:ss.SSS][main]utilities.LoggerLoad1)-checking alert message from tryeditor SyntaxError: bad input on line 1
['INFO ]2023-06-23 23:24:14,225(yyyy-MM-ddHH:mm:ss.SSS][main]utilities.LoggerLoad1)-Error Message is:SyntaxError: bad input on line 1
['INFO ]2023-06-23 23:24:14,485(yyyy-MM-ddHH:mm:ss.SSS][main]utilities.LoggerLoad1)-Title of current page is:Practice Questions
['INFO ]2023-06-23 23:24:14,590(yyyy-MM-ddHH:mm:ss.SSS][main]utilities.LoggerLoad1)-----------User is on Home Page of Dsalgo Portal------------------------
['INFO ]2023-06-23 23:24:14,591(yyyy-MM-ddHH:mm:ss.SSS][main]utilities.LoggerLoad1)-----------User clicks on getstarted button------------------------
['INFO ]2023-06-23 23:24:14,739(yyyy-MM-ddHH:mm:ss.SSS][main]utilities.LoggerLoad1)-----------User is navigated to Queue data structure------------------------
['INFO ]2023-06-23 23:24:14,748(yyyy-MM-ddHH:mm:ss.SSS][main]utilities.LoggerLoad1)-----------User is on Queue Data Structure------------------------
['INFO ]2023-06-23 23:24:14,749(yyyy-MM-ddHH:mm:ss.SSS][main]utilities.LoggerLoad1)-----------User clicks on Implementation of Queue in Python------------------------
['INFO ]2023-06-23 23:24:14,844(yyyy-MM-ddHH:mm:ss.SSS][main]utilities.LoggerLoad1)-User is in Implementation of Queue in Python Page 
['INFO ]2023-06-23 23:24:14,852(yyyy-MM-ddHH:mm:ss.SSS][main]utilities.LoggerLoad1)-----------User is on Implementation of Queue in Python------------------------
['INFO ]2023-06-23 23:24:14,853(yyyy-MM-ddHH:mm:ss.SSS][main]utilities.LoggerLoad1)-----------User clicks on TRYHERE button------------------------
['INFO ]2023-06-23 23:24:15,059(yyyy-MM-ddHH:mm:ss.SSS][main]utilities.LoggerLoad1)-----------User is navigated to tryEditor Page------------------------
['INFO ]2023-06-23 23:24:15,070(yyyy-MM-ddHH:mm:ss.SSS][main]utilities.LoggerLoad1)-----------User Enters Code in Editor------------------------
['INFO ]2023-06-23 23:24:15,263(yyyy-MM-ddHH:mm:ss.SSS][main]utilities.LoggerLoad1)-----------clicks on Run Button------------------------
['INFO ]2023-06-23 23:24:15,299(yyyy-MM-ddHH:mm:ss.SSS][main]utilities.LoggerLoad1)-----------The User is Presented with a Result------------------------
['INFO ]2023-06-23 23:24:15,430(yyyy-MM-ddHH:mm:ss.SSS][main]utilities.LoggerLoad1)-----------User is navigated to Implementation of Queue in python------------------------
['INFO ]2023-06-23 23:24:15,431(yyyy-MM-ddHH:mm:ss.SSS][main]utilities.LoggerLoad1)-----------User clicks on TRYHERE button------------------------
['INFO ]2023-06-23 23:24:15,708(yyyy-MM-ddHH:mm:ss.SSS][main]utilities.LoggerLoad1)-----------clicks on Run Button------------------------
['WARN ]2023-06-23 23:24:15,750(yyyy-MM-ddHH:mm:ss.SSS][main]utilities.LoggerLoad1)-***Error Message from Alert*******SyntaxError: bad input on line 1
['INFO ]2023-06-23 23:24:15,760(yyyy-MM-ddHH:mm:ss.SSS][main]utilities.LoggerLoad1)-----------User is on Queue Data Structure------------------------
['INFO ]2023-06-23 23:24:15,761(yyyy-MM-ddHH:mm:ss.SSS][main]utilities.LoggerLoad1)-----------User clicks on the Implementation using collections.deque link------------------------
['INFO ]2023-06-23 23:24:15,851(yyyy-MM-ddHH:mm:ss.SSS][main]utilities.LoggerLoad1)-User is in Implementation using collection.deque 
['INFO ]2023-06-23 23:24:15,852(yyyy-MM-ddHH:mm:ss.SSS][main]utilities.LoggerLoad1)-----------User is navigated to Implementation using collections.deque link-----------------------
['INFO ]2023-06-23 23:24:15,865(yyyy-MM-ddHH:mm:ss.SSS][main]utilities.LoggerLoad1)-----------User clicks on TRYHERE button------------------------
['INFO ]2023-06-23 23:24:16,061(yyyy-MM-ddHH:mm:ss.SSS][main]utilities.LoggerLoad1)-----------User is navigated to tryEditor Page------------------------
['INFO ]2023-06-23 23:24:16,088(yyyy-MM-ddHH:mm:ss.SSS][main]utilities.LoggerLoad1)-----------User Enters Code in Editor------------------------
['INFO ]2023-06-23 23:24:16,203(yyyy-MM-ddHH:mm:ss.SSS][main]utilities.LoggerLoad1)-----------clicks on Run Button------------------------
['INFO ]2023-06-23 23:24:16,238(yyyy-MM-ddHH:mm:ss.SSS][main]utilities.LoggerLoad1)-----------The User is Presented with a Result------------------------
['INFO ]2023-06-23 23:24:16,263(yyyy-MM-ddHH:mm:ss.SSS][main]utilities.LoggerLoad1)-----------User is on Queue Data Structure------------------------
['INFO ]2023-06-23 23:24:16,354(yyyy-MM-ddHH:mm:ss.SSS][main]utilities.LoggerLoad1)-----------User is navigated to Implementation using array page-----------------------
['INFO ]2023-06-23 23:24:16,364(yyyy-MM-ddHH:mm:ss.SSS][main]utilities.LoggerLoad1)-----------User is on Implementation using array page-----------------------
['INFO ]2023-06-23 23:24:16,365(yyyy-MM-ddHH:mm:ss.SSS][main]utilities.LoggerLoad1)-----------User clicks on TRYHERE button------------------------
['INFO ]2023-06-23 23:24:16,560(yyyy-MM-ddHH:mm:ss.SSS][main]utilities.LoggerLoad1)-----------User is navigated to tryEditor Page------------------------
['INFO ]2023-06-23 23:24:16,577(yyyy-MM-ddHH:mm:ss.SSS][main]utilities.LoggerLoad1)-----------User Enters Code in Editor------------------------
['INFO ]2023-06-23 23:24:16,696(yyyy-MM-ddHH:mm:ss.SSS][main]utilities.LoggerLoad1)-----------clicks on Run Button------------------------
['INFO ]2023-06-23 23:24:16,734(yyyy-MM-ddHH:mm:ss.SSS][main]utilities.LoggerLoad1)-----------The User is Presented with a Result------------------------
['INFO ]2023-06-23 23:24:16,758(yyyy-MM-ddHH:mm:ss.SSS][main]utilities.LoggerLoad1)-----------User is on Queue Data Structure------------------------
['INFO ]2023-06-23 23:24:16,758(yyyy-MM-ddHH:mm:ss.SSS][main]utilities.LoggerLoad1)-----------User clicks on  Queue Operations link-----------------------
['INFO ]2023-06-23 23:24:16,859(yyyy-MM-ddHH:mm:ss.SSS][main]utilities.LoggerLoad1)-----------User is navigated to Queue Operations Page-----------------------
['INFO ]2023-06-23 23:24:16,866(yyyy-MM-ddHH:mm:ss.SSS][main]utilities.LoggerLoad1)-----------User is on QUeue Operations Page-----------------------
['INFO ]2023-06-23 23:24:16,866(yyyy-MM-ddHH:mm:ss.SSS][main]utilities.LoggerLoad1)-----------User clicks on TRYHERE button------------------------
['INFO ]2023-06-23 23:24:17,116(yyyy-MM-ddHH:mm:ss.SSS][main]utilities.LoggerLoad1)-----------User is navigated to tryEditor Page------------------------
['INFO ]2023-06-23 23:24:17,129(yyyy-MM-ddHH:mm:ss.SSS][main]utilities.LoggerLoad1)-----------User Enters Code in Editor------------------------
['INFO ]2023-06-23 23:24:17,220(yyyy-MM-ddHH:mm:ss.SSS][main]utilities.LoggerLoad1)-----------clicks on Run Button------------------------
['INFO ]2023-06-23 23:24:17,256(yyyy-MM-ddHH:mm:ss.SSS][main]utilities.LoggerLoad1)-----------The User is Presented with a Result------------------------
['INFO ]2023-06-23 23:24:17,285(yyyy-MM-ddHH:mm:ss.SSS][main]utilities.LoggerLoad1)-----------User is on Implementation of Queue in Python------------------------
['INFO ]2023-06-23 23:24:17,286(yyyy-MM-ddHH:mm:ss.SSS][main]utilities.LoggerLoad1)-----------User clicks on Practice Questions link-----------------------
['INFO ]2023-06-23 23:24:17,508(yyyy-MM-ddHH:mm:ss.SSS][main]utilities.LoggerLoad1)-User Click the tree Get Started Button
['INFO ]2023-06-23 23:24:17,740(yyyy-MM-ddHH:mm:ss.SSS][main]utilities.LoggerLoad1)-User redirected to Tree Data Structure Page 
['INFO ]2023-06-23 23:24:17,745(yyyy-MM-ddHH:mm:ss.SSS][main]utilities.LoggerLoad1)-Title of current page is : Tree
['INFO ]2023-06-23 23:24:17,754(yyyy-MM-ddHH:mm:ss.SSS][main]utilities.LoggerLoad1)-User is on data structure page SDDS
['INFO ]2023-06-23 23:24:17,773(yyyy-MM-ddHH:mm:ss.SSS][main]utilities.LoggerLoad1)-click Overview of Trees On Trees page
['INFO ]2023-06-23 23:24:18,021(yyyy-MM-ddHH:mm:ss.SSS][main]utilities.LoggerLoad1)- Title of the page Overview of Trees
['INFO ]2023-06-23 23:24:18,022(yyyy-MM-ddHH:mm:ss.SSS][main]utilities.LoggerLoad1)-User redirected to Overview of Trees
['INFO ]2023-06-23 23:24:18,030(yyyy-MM-ddHH:mm:ss.SSS][main]utilities.LoggerLoad1)-Title of current page is : Overview of Trees
['INFO ]2023-06-23 23:24:18,038(yyyy-MM-ddHH:mm:ss.SSS][main]utilities.LoggerLoad1)-User is on data structure page SDDS
['INFO ]2023-06-23 23:24:18,258(yyyy-MM-ddHH:mm:ss.SSS][main]utilities.LoggerLoad1)-User redirected to a page having an tryEditor with a Run button to test
['INFO ]2023-06-23 23:24:18,262(yyyy-MM-ddHH:mm:ss.SSS][main]utilities.LoggerLoad1)-Title of current page is :Assessment
['INFO ]2023-06-23 23:24:18,269(yyyy-MM-ddHH:mm:ss.SSS][main]utilities.LoggerLoad1)--------------User is on tryEditor Page-------------
['INFO ]2023-06-23 23:24:18,270(yyyy-MM-ddHH:mm:ss.SSS][main]utilities.LoggerLoad1)-----------------User enters Valid Python code--------------
['INFO ]2023-06-23 23:24:18,353(yyyy-MM-ddHH:mm:ss.SSS][main]utilities.LoggerLoad1)-----------------clicks on Run button-----------------
['INFO ]2023-06-23 23:24:18,389(yyyy-MM-ddHH:mm:ss.SSS][main]utilities.LoggerLoad1)---------User is presented with the Result-------------
['INFO ]2023-06-23 23:24:18,421(yyyy-MM-ddHH:mm:ss.SSS][main]utilities.LoggerLoad1)-User is on data structure page SDDS
['INFO ]2023-06-23 23:24:18,557(yyyy-MM-ddHH:mm:ss.SSS][main]utilities.LoggerLoad1)- Title of the page Terminologies
['INFO ]2023-06-23 23:24:18,557(yyyy-MM-ddHH:mm:ss.SSS][main]utilities.LoggerLoad1)-User redirected to Terminologies
['INFO ]2023-06-23 23:24:18,563(yyyy-MM-ddHH:mm:ss.SSS][main]utilities.LoggerLoad1)-Title of current page is : Terminologies
['INFO ]2023-06-23 23:24:18,571(yyyy-MM-ddHH:mm:ss.SSS][main]utilities.LoggerLoad1)-User is on data structure page SDDS
['INFO ]2023-06-23 23:24:18,771(yyyy-MM-ddHH:mm:ss.SSS][main]utilities.LoggerLoad1)-Title of current page is:Assessment
['INFO ]2023-06-23 23:24:18,780(yyyy-MM-ddHH:mm:ss.SSS][main]utilities.LoggerLoad1)--------------User is on tryEditor Page-------------
['INFO ]2023-06-23 23:24:18,781(yyyy-MM-ddHH:mm:ss.SSS][main]utilities.LoggerLoad1)--------User clicks on  Graph Representations link------
['INFO ]2023-06-23 23:24:18,874(yyyy-MM-ddHH:mm:ss.SSS][main]utilities.LoggerLoad1)-----------------clicks on Run button-----------------
['INFO ]2023-06-23 23:24:18,912(yyyy-MM-ddHH:mm:ss.SSS][main]utilities.LoggerLoad1)-----------------User is presented with Error Message-----------------
['INFO ]2023-06-23 23:24:18,919(yyyy-MM-ddHH:mm:ss.SSS][main]utilities.LoggerLoad1)-The Error Message is:SyntaxError: bad input on line 1
['INFO ]2023-06-23 23:24:18,927(yyyy-MM-ddHH:mm:ss.SSS][main]utilities.LoggerLoad1)-User is on data structure page SDDS
['INFO ]2023-06-23 23:24:19,044(yyyy-MM-ddHH:mm:ss.SSS][main]utilities.LoggerLoad1)- Title of the page Types of Trees
['INFO ]2023-06-23 23:24:19,045(yyyy-MM-ddHH:mm:ss.SSS][main]utilities.LoggerLoad1)-User redirected to Types of Trees
['INFO ]2023-06-23 23:24:19,050(yyyy-MM-ddHH:mm:ss.SSS][main]utilities.LoggerLoad1)-Title of current page is : Types of Trees
['INFO ]2023-06-23 23:24:19,059(yyyy-MM-ddHH:mm:ss.SSS][main]utilities.LoggerLoad1)-User is on data structure page SDDS
['INFO ]2023-06-23 23:24:19,252(yyyy-MM-ddHH:mm:ss.SSS][main]utilities.LoggerLoad1)-Title of current page is:Assessment
['INFO ]2023-06-23 23:24:19,270(yyyy-MM-ddHH:mm:ss.SSS][main]utilities.LoggerLoad1)--------------User is on tryEditor Page-------------
['INFO ]2023-06-23 23:24:19,270(yyyy-MM-ddHH:mm:ss.SSS][main]utilities.LoggerLoad1)-----------------User enters Valid Python code--------------
['INFO ]2023-06-23 23:24:19,354(yyyy-MM-ddHH:mm:ss.SSS][main]utilities.LoggerLoad1)-----------------clicks on Run button-----------------
['INFO ]2023-06-23 23:24:19,389(yyyy-MM-ddHH:mm:ss.SSS][main]utilities.LoggerLoad1)---------User is presented with the Result-------------
['INFO ]2023-06-23 23:24:19,409(yyyy-MM-ddHH:mm:ss.SSS][main]utilities.LoggerLoad1)-User is on data structure page SDDS
['INFO ]2023-06-23 23:24:19,609(yyyy-MM-ddHH:mm:ss.SSS][main]utilities.LoggerLoad1)- Title of the page Tree Traversals
['INFO ]2023-06-23 23:24:19,610(yyyy-MM-ddHH:mm:ss.SSS][main]utilities.LoggerLoad1)-User redirected to Tree Traversals
['INFO ]2023-06-23 23:24:19,613(yyyy-MM-ddHH:mm:ss.SSS][main]utilities.LoggerLoad1)-Title of current page is : Tree Traversals
['INFO ]2023-06-23 23:24:19,621(yyyy-MM-ddHH:mm:ss.SSS][main]utilities.LoggerLoad1)-User is on data structure page SDDS
['INFO ]2023-06-23 23:24:19,810(yyyy-MM-ddHH:mm:ss.SSS][main]utilities.LoggerLoad1)-Title of current page is:Assessment
['INFO ]2023-06-23 23:24:19,816(yyyy-MM-ddHH:mm:ss.SSS][main]utilities.LoggerLoad1)--------------User is on tryEditor Page-------------
['INFO ]2023-06-23 23:24:19,816(yyyy-MM-ddHH:mm:ss.SSS][main]utilities.LoggerLoad1)--------User clicks on  Graph Representations link------
['INFO ]2023-06-23 23:24:19,893(yyyy-MM-ddHH:mm:ss.SSS][main]utilities.LoggerLoad1)-----------------clicks on Run button-----------------
['INFO ]2023-06-23 23:24:19,932(yyyy-MM-ddHH:mm:ss.SSS][main]utilities.LoggerLoad1)-----------------User is presented with Error Message-----------------
['INFO ]2023-06-23 23:24:19,941(yyyy-MM-ddHH:mm:ss.SSS][main]utilities.LoggerLoad1)-The Error Message is:SyntaxError: bad input on line 1
['INFO ]2023-06-23 23:24:19,953(yyyy-MM-ddHH:mm:ss.SSS][main]utilities.LoggerLoad1)-User is on data structure page SDDS
['INFO ]2023-06-23 23:24:20,067(yyyy-MM-ddHH:mm:ss.SSS][main]utilities.LoggerLoad1)- Title of the page Traversals-Illustration
['INFO ]2023-06-23 23:24:20,069(yyyy-MM-ddHH:mm:ss.SSS][main]utilities.LoggerLoad1)-User redirected to Traversals-Illustration
['INFO ]2023-06-23 23:24:20,073(yyyy-MM-ddHH:mm:ss.SSS][main]utilities.LoggerLoad1)-Title of current page is : Traversals-Illustration
['INFO ]2023-06-23 23:24:20,083(yyyy-MM-ddHH:mm:ss.SSS][main]utilities.LoggerLoad1)-User is on data structure page SDDS
['INFO ]2023-06-23 23:24:20,270(yyyy-MM-ddHH:mm:ss.SSS][main]utilities.LoggerLoad1)-Title of current page is:Assessment
['INFO ]2023-06-23 23:24:20,279(yyyy-MM-ddHH:mm:ss.SSS][main]utilities.LoggerLoad1)--------------User is on tryEditor Page-------------
['INFO ]2023-06-23 23:24:20,280(yyyy-MM-ddHH:mm:ss.SSS][main]utilities.LoggerLoad1)-----------User Enters Code in Editor------------------------
['INFO ]2023-06-23 23:24:20,396(yyyy-MM-ddHH:mm:ss.SSS][main]utilities.LoggerLoad1)-----------------clicks on Run button-----------------
['INFO ]2023-06-23 23:24:20,429(yyyy-MM-ddHH:mm:ss.SSS][main]utilities.LoggerLoad1)---------User is presented with the Result-------------
['INFO ]2023-06-23 23:24:20,449(yyyy-MM-ddHH:mm:ss.SSS][main]utilities.LoggerLoad1)-User is on data structure page SDDS
['INFO ]2023-06-23 23:24:20,679(yyyy-MM-ddHH:mm:ss.SSS][main]utilities.LoggerLoad1)- Title of the page Binary Trees
['INFO ]2023-06-23 23:24:20,680(yyyy-MM-ddHH:mm:ss.SSS][main]utilities.LoggerLoad1)-User redirected to Binary Trees
['INFO ]2023-06-23 23:24:20,682(yyyy-MM-ddHH:mm:ss.SSS][main]utilities.LoggerLoad1)-Title of current page is : Binary Trees
['INFO ]2023-06-23 23:24:20,691(yyyy-MM-ddHH:mm:ss.SSS][main]utilities.LoggerLoad1)-User is on data structure page SDDS
['INFO ]2023-06-23 23:24:20,887(yyyy-MM-ddHH:mm:ss.SSS][main]utilities.LoggerLoad1)-Title of current page is:Assessment
['INFO ]2023-06-23 23:24:20,896(yyyy-MM-ddHH:mm:ss.SSS][main]utilities.LoggerLoad1)--------------User is on tryEditor Page-------------
['INFO ]2023-06-23 23:24:20,897(yyyy-MM-ddHH:mm:ss.SSS][main]utilities.LoggerLoad1)--------User clicks on  Graph Representations link------
['INFO ]2023-06-23 23:24:20,968(yyyy-MM-ddHH:mm:ss.SSS][main]utilities.LoggerLoad1)-----------------clicks on Run button-----------------
['INFO ]2023-06-23 23:24:21,006(yyyy-MM-ddHH:mm:ss.SSS][main]utilities.LoggerLoad1)-----------------User is presented with Error Message-----------------
['INFO ]2023-06-23 23:24:21,013(yyyy-MM-ddHH:mm:ss.SSS][main]utilities.LoggerLoad1)-The Error Message is:SyntaxError: bad input on line 1
['INFO ]2023-06-23 23:24:21,034(yyyy-MM-ddHH:mm:ss.SSS][main]utilities.LoggerLoad1)-User is on data structure page SDDS
['INFO ]2023-06-23 23:24:21,313(yyyy-MM-ddHH:mm:ss.SSS][main]utilities.LoggerLoad1)- Title of the page Types of Binary Trees
['INFO ]2023-06-23 23:24:21,314(yyyy-MM-ddHH:mm:ss.SSS][main]utilities.LoggerLoad1)-User redirected to Types of Binary Trees
['INFO ]2023-06-23 23:24:21,317(yyyy-MM-ddHH:mm:ss.SSS][main]utilities.LoggerLoad1)-Title of current page is : Types of Binary Trees
['INFO ]2023-06-23 23:24:21,327(yyyy-MM-ddHH:mm:ss.SSS][main]utilities.LoggerLoad1)-User is on data structure page SDDS
['INFO ]2023-06-23 23:24:21,522(yyyy-MM-ddHH:mm:ss.SSS][main]utilities.LoggerLoad1)-Title of current page is:Assessment
['INFO ]2023-06-23 23:24:21,533(yyyy-MM-ddHH:mm:ss.SSS][main]utilities.LoggerLoad1)--------------User is on tryEditor Page-------------
['INFO ]2023-06-23 23:24:21,533(yyyy-MM-ddHH:mm:ss.SSS][main]utilities.LoggerLoad1)-----------User Enters Code in Editor------------------------
['INFO ]2023-06-23 23:24:21,640(yyyy-MM-ddHH:mm:ss.SSS][main]utilities.LoggerLoad1)-----------------clicks on Run button-----------------
['INFO ]2023-06-23 23:24:21,676(yyyy-MM-ddHH:mm:ss.SSS][main]utilities.LoggerLoad1)---------User is presented with the Result-------------
['INFO ]2023-06-23 23:24:21,698(yyyy-MM-ddHH:mm:ss.SSS][main]utilities.LoggerLoad1)-User is on data structure page SDDS
['INFO ]2023-06-23 23:24:21,816(yyyy-MM-ddHH:mm:ss.SSS][main]utilities.LoggerLoad1)- Title of the page Practice Questions
['INFO ]2023-06-23 23:24:21,817(yyyy-MM-ddHH:mm:ss.SSS][main]utilities.LoggerLoad1)-User redirected to Practice Questions
['INFO ]2023-06-23 23:24:21,822(yyyy-MM-ddHH:mm:ss.SSS][main]utilities.LoggerLoad1)-Title of current page is : Practice Questions
['INFO ]2023-06-23 23:24:21,957(yyyy-MM-ddHH:mm:ss.SSS][main]utilities.LoggerLoad1)-----------------User clicks on Graph Get started button------------------
['INFO ]2023-06-23 23:24:22,132(yyyy-MM-ddHH:mm:ss.SSS][main]utilities.LoggerLoad1)-----------------User is on Graph Page------------------
['INFO ]2023-06-23 23:24:22,156(yyyy-MM-ddHH:mm:ss.SSS][main]utilities.LoggerLoad1)-----------------User is on Graph Data Structure Page----------------
['INFO ]2023-06-23 23:24:22,156(yyyy-MM-ddHH:mm:ss.SSS][main]utilities.LoggerLoad1)-----------------User clicks on Graph link in Graph Page-------------------
['INFO ]2023-06-23 23:24:22,298(yyyy-MM-ddHH:mm:ss.SSS][main]utilities.LoggerLoad1)-----------------User is re-directed to Graphlink of Graph Page--------------
['INFO ]2023-06-23 23:24:22,307(yyyy-MM-ddHH:mm:ss.SSS][main]utilities.LoggerLoad1)-----------------User is on Graph link of Graph Page-----------------
['INFO ]2023-06-23 23:24:22,307(yyyy-MM-ddHH:mm:ss.SSS][main]utilities.LoggerLoad1)-----------User clicks on Try here button-------------
['INFO ]2023-06-23 23:24:22,501(yyyy-MM-ddHH:mm:ss.SSS][main]utilities.LoggerLoad1)-------------User is re-directed to tryEditor Page--------------
['INFO ]2023-06-23 23:24:22,509(yyyy-MM-ddHH:mm:ss.SSS][main]utilities.LoggerLoad1)--------------User is on tryEditor Page-------------
['INFO ]2023-06-23 23:24:22,510(yyyy-MM-ddHH:mm:ss.SSS][main]utilities.LoggerLoad1)-----------------User enters Valid Python code--------------
['INFO ]2023-06-23 23:24:22,592(yyyy-MM-ddHH:mm:ss.SSS][main]utilities.LoggerLoad1)-----------------clicks on Run button-----------------
['INFO ]2023-06-23 23:24:22,629(yyyy-MM-ddHH:mm:ss.SSS][main]utilities.LoggerLoad1)---------User is presented with the Result-------------
['INFO ]2023-06-23 23:24:22,656(yyyy-MM-ddHH:mm:ss.SSS][main]utilities.LoggerLoad1)----------------User is on graph Page-------------
['INFO ]2023-06-23 23:24:22,761(yyyy-MM-ddHH:mm:ss.SSS][main]utilities.LoggerLoad1)----------User is NAVIGATED TO graph Page-------------
['INFO ]2023-06-23 23:24:22,762(yyyy-MM-ddHH:mm:ss.SSS][main]utilities.LoggerLoad1)---------User clicks on  Graph Representations link--------
['INFO ]2023-06-23 23:24:22,967(yyyy-MM-ddHH:mm:ss.SSS][main]utilities.LoggerLoad1)---------------User is navigated to Graph Representations Page---------------
['INFO ]2023-06-23 23:24:22,975(yyyy-MM-ddHH:mm:ss.SSS][main]utilities.LoggerLoad1)---------------User is on Graph Representations Page---------------
['INFO ]2023-06-23 23:24:22,975(yyyy-MM-ddHH:mm:ss.SSS][main]utilities.LoggerLoad1)---------------User clicks on Practice Questions link----------------
['INFO ]2023-06-23 23:24:23,169(yyyy-MM-ddHH:mm:ss.SSS][main]utilities.LoggerLoad1)-------------User is re-directed to tryEditor Page--------------
['INFO ]2023-06-23 23:24:23,178(yyyy-MM-ddHH:mm:ss.SSS][main]utilities.LoggerLoad1)--------------User is on tryEditor Page-------------
['INFO ]2023-06-23 23:24:23,179(yyyy-MM-ddHH:mm:ss.SSS][main]utilities.LoggerLoad1)--------User clicks on  Graph Representations link------
['INFO ]2023-06-23 23:24:23,270(yyyy-MM-ddHH:mm:ss.SSS][main]utilities.LoggerLoad1)-----------------clicks on Run button-----------------
['INFO ]2023-06-23 23:24:23,309(yyyy-MM-ddHH:mm:ss.SSS][main]utilities.LoggerLoad1)-----------------User is presented with Error Message-----------------
['INFO ]2023-06-23 23:24:23,317(yyyy-MM-ddHH:mm:ss.SSS][main]utilities.LoggerLoad1)-The Error Message is:SyntaxError: bad input on line 1
['INFO ]2023-06-23 23:24:23,328(yyyy-MM-ddHH:mm:ss.SSS][main]utilities.LoggerLoad1)---------------User is on Graph Representations Page---------------
['INFO ]2023-06-23 23:24:23,329(yyyy-MM-ddHH:mm:ss.SSS][main]utilities.LoggerLoad1)---------------User clicks on Practice Questions link--------------
['INFO ]2023-06-23 23:24:23,426(yyyy-MM-ddHH:mm:ss.SSS][main]utilities.LoggerLoad1)---------------User is navigated to Practice Questions Page--------------
['INFO ]2023-06-23 23:24:23,432(yyyy-MM-ddHH:mm:ss.SSS][main]utilities.LoggerLoad1)-Closing Driver
